  main.cpp
C:\Users\sasha\source\repos\123123123\123123123\main.cpp(14,15): warning C4244: аргумент: преобразование "time_t" в "unsigned int", возможна потеря данных
C:\Users\sasha\source\repos\123123123\123123123\main.cpp(106,38): warning C4244: =: преобразование "const T" в "int", возможна потеря данных
          with
          [
              T=float
          ]
C:\Users\sasha\source\repos\123123123\123123123\main.cpp(107,38): warning C4244: =: преобразование "const T" в "int", возможна потеря данных
          with
          [
              T=float
          ]
C:\Users\sasha\source\repos\123123123\123123123\main.cpp(130,60): warning C4244: аргумент: преобразование "int" в "float", возможна потеря данных
C:\Users\sasha\source\repos\123123123\123123123\main.cpp(130,47): warning C4244: аргумент: преобразование "int" в "float", возможна потеря данных
C:\Users\sasha\source\repos\123123123\123123123\main.cpp(152,60): warning C4244: аргумент: преобразование "int" в "float", возможна потеря данных
C:\Users\sasha\source\repos\123123123\123123123\main.cpp(152,47): warning C4244: аргумент: преобразование "int" в "float", возможна потеря данных
C:\Users\sasha\source\repos\123123123\123123123\main.cpp(172,56): warning C4244: аргумент: преобразование "int" в "float", возможна потеря данных
C:\Users\sasha\source\repos\123123123\123123123\main.cpp(172,43): warning C4244: аргумент: преобразование "int" в "float", возможна потеря данных
C:\Users\sasha\source\repos\123123123\123123123\main.cpp(193,60): warning C4244: аргумент: преобразование "int" в "float", возможна потеря данных
C:\Users\sasha\source\repos\123123123\123123123\main.cpp(193,47): warning C4244: аргумент: преобразование "int" в "float", возможна потеря данных
C:\Users\sasha\source\repos\123123123\123123123\main.cpp(194,73): warning C4244: аргумент: преобразование "int" в "float", возможна потеря данных
C:\Users\sasha\source\repos\123123123\123123123\main.cpp(194,48): warning C4244: аргумент: преобразование "int" в "float", возможна потеря данных
C:\Users\sasha\source\repos\123123123\123123123\main.cpp(215,60): warning C4244: аргумент: преобразование "int" в "float", возможна потеря данных
C:\Users\sasha\source\repos\123123123\123123123\main.cpp(215,47): warning C4244: аргумент: преобразование "int" в "float", возможна потеря данных
C:\Users\sasha\source\repos\123123123\123123123\main.cpp(216,73): warning C4244: аргумент: преобразование "int" в "float", возможна потеря данных
C:\Users\sasha\source\repos\123123123\123123123\main.cpp(216,48): warning C4244: аргумент: преобразование "int" в "float", возможна потеря данных
C:\Users\sasha\source\repos\123123123\123123123\main.cpp(235,60): warning C4244: аргумент: преобразование "int" в "float", возможна потеря данных
C:\Users\sasha\source\repos\123123123\123123123\main.cpp(235,47): warning C4244: аргумент: преобразование "int" в "float", возможна потеря данных
C:\Users\sasha\source\repos\123123123\123123123\main.cpp(236,73): warning C4244: аргумент: преобразование "int" в "float", возможна потеря данных
C:\Users\sasha\source\repos\123123123\123123123\main.cpp(236,48): warning C4244: аргумент: преобразование "int" в "float", возможна потеря данных
C:\Users\sasha\source\repos\123123123\123123123\main.cpp(257,60): warning C4244: аргумент: преобразование "int" в "float", возможна потеря данных
C:\Users\sasha\source\repos\123123123\123123123\main.cpp(257,47): warning C4244: аргумент: преобразование "int" в "float", возможна потеря данных
C:\Users\sasha\source\repos\123123123\123123123\main.cpp(258,73): warning C4244: аргумент: преобразование "int" в "float", возможна потеря данных
C:\Users\sasha\source\repos\123123123\123123123\main.cpp(258,48): warning C4244: аргумент: преобразование "int" в "float", возможна потеря данных
C:\Users\sasha\source\repos\123123123\123123123\main.cpp(277,60): warning C4244: аргумент: преобразование "int" в "float", возможна потеря данных
C:\Users\sasha\source\repos\123123123\123123123\main.cpp(277,47): warning C4244: аргумент: преобразование "int" в "float", возможна потеря данных
C:\Users\sasha\source\repos\123123123\123123123\main.cpp(278,73): warning C4244: аргумент: преобразование "int" в "float", возможна потеря данных
C:\Users\sasha\source\repos\123123123\123123123\main.cpp(278,48): warning C4244: аргумент: преобразование "int" в "float", возможна потеря данных
C:\Users\sasha\source\repos\123123123\123123123\main.cpp(299,60): warning C4244: аргумент: преобразование "int" в "float", возможна потеря данных
C:\Users\sasha\source\repos\123123123\123123123\main.cpp(299,47): warning C4244: аргумент: преобразование "int" в "float", возможна потеря данных
C:\Users\sasha\source\repos\123123123\123123123\main.cpp(300,73): warning C4244: аргумент: преобразование "int" в "float", возможна потеря данных
C:\Users\sasha\source\repos\123123123\123123123\main.cpp(300,48): warning C4244: аргумент: преобразование "int" в "float", возможна потеря данных
C:\Users\sasha\source\repos\123123123\123123123\main.cpp(319,60): warning C4244: аргумент: преобразование "int" в "float", возможна потеря данных
C:\Users\sasha\source\repos\123123123\123123123\main.cpp(319,47): warning C4244: аргумент: преобразование "int" в "float", возможна потеря данных
C:\Users\sasha\source\repos\123123123\123123123\main.cpp(320,73): warning C4244: аргумент: преобразование "int" в "float", возможна потеря данных
C:\Users\sasha\source\repos\123123123\123123123\main.cpp(320,48): warning C4244: аргумент: преобразование "int" в "float", возможна потеря данных
C:\Users\sasha\source\repos\123123123\123123123\main.cpp(341,60): warning C4244: аргумент: преобразование "int" в "float", возможна потеря данных
C:\Users\sasha\source\repos\123123123\123123123\main.cpp(341,47): warning C4244: аргумент: преобразование "int" в "float", возможна потеря данных
C:\Users\sasha\source\repos\123123123\123123123\main.cpp(342,73): warning C4244: аргумент: преобразование "int" в "float", возможна потеря данных
C:\Users\sasha\source\repos\123123123\123123123\main.cpp(342,48): warning C4244: аргумент: преобразование "int" в "float", возможна потеря данных
C:\Users\sasha\source\repos\123123123\123123123\main.cpp(361,60): warning C4244: аргумент: преобразование "int" в "float", возможна потеря данных
C:\Users\sasha\source\repos\123123123\123123123\main.cpp(361,47): warning C4244: аргумент: преобразование "int" в "float", возможна потеря данных
C:\Users\sasha\source\repos\123123123\123123123\main.cpp(362,73): warning C4244: аргумент: преобразование "int" в "float", возможна потеря данных
C:\Users\sasha\source\repos\123123123\123123123\main.cpp(362,48): warning C4244: аргумент: преобразование "int" в "float", возможна потеря данных
C:\Users\sasha\source\repos\123123123\123123123\main.cpp(387,60): warning C4244: аргумент: преобразование "int" в "float", возможна потеря данных
C:\Users\sasha\source\repos\123123123\123123123\main.cpp(387,47): warning C4244: аргумент: преобразование "int" в "float", возможна потеря данных
C:\Users\sasha\source\repos\123123123\123123123\main.cpp(409,60): warning C4244: аргумент: преобразование "int" в "float", возможна потеря данных
C:\Users\sasha\source\repos\123123123\123123123\main.cpp(409,47): warning C4244: аргумент: преобразование "int" в "float", возможна потеря данных
C:\Users\sasha\source\repos\123123123\123123123\main.cpp(429,56): warning C4244: аргумент: преобразование "int" в "float", возможна потеря данных
C:\Users\sasha\source\repos\123123123\123123123\main.cpp(429,43): warning C4244: аргумент: преобразование "int" в "float", возможна потеря данных
C:\Users\sasha\source\repos\123123123\123123123\main.cpp(453,60): warning C4244: аргумент: преобразование "int" в "float", возможна потеря данных
C:\Users\sasha\source\repos\123123123\123123123\main.cpp(453,47): warning C4244: аргумент: преобразование "int" в "float", возможна потеря данных
C:\Users\sasha\source\repos\123123123\123123123\main.cpp(454,73): warning C4244: аргумент: преобразование "int" в "float", возможна потеря данных
C:\Users\sasha\source\repos\123123123\123123123\main.cpp(454,48): warning C4244: аргумент: преобразование "int" в "float", возможна потеря данных
C:\Users\sasha\source\repos\123123123\123123123\main.cpp(472,60): warning C4244: аргумент: преобразование "int" в "float", возможна потеря данных
C:\Users\sasha\source\repos\123123123\123123123\main.cpp(472,47): warning C4244: аргумент: преобразование "int" в "float", возможна потеря данных
C:\Users\sasha\source\repos\123123123\123123123\main.cpp(473,73): warning C4244: аргумент: преобразование "int" в "float", возможна потеря данных
C:\Users\sasha\source\repos\123123123\123123123\main.cpp(473,48): warning C4244: аргумент: преобразование "int" в "float", возможна потеря данных
C:\Users\sasha\source\repos\123123123\123123123\main.cpp(494,60): warning C4244: аргумент: преобразование "int" в "float", возможна потеря данных
C:\Users\sasha\source\repos\123123123\123123123\main.cpp(494,47): warning C4244: аргумент: преобразование "int" в "float", возможна потеря данных
C:\Users\sasha\source\repos\123123123\123123123\main.cpp(495,73): warning C4244: аргумент: преобразование "int" в "float", возможна потеря данных
C:\Users\sasha\source\repos\123123123\123123123\main.cpp(495,48): warning C4244: аргумент: преобразование "int" в "float", возможна потеря данных
C:\Users\sasha\source\repos\123123123\123123123\main.cpp(514,60): warning C4244: аргумент: преобразование "int" в "float", возможна потеря данных
C:\Users\sasha\source\repos\123123123\123123123\main.cpp(514,47): warning C4244: аргумент: преобразование "int" в "float", возможна потеря данных
C:\Users\sasha\source\repos\123123123\123123123\main.cpp(515,73): warning C4244: аргумент: преобразование "int" в "float", возможна потеря данных
C:\Users\sasha\source\repos\123123123\123123123\main.cpp(515,48): warning C4244: аргумент: преобразование "int" в "float", возможна потеря данных
C:\Users\sasha\source\repos\123123123\123123123\main.cpp(536,60): warning C4244: аргумент: преобразование "int" в "float", возможна потеря данных
C:\Users\sasha\source\repos\123123123\123123123\main.cpp(536,47): warning C4244: аргумент: преобразование "int" в "float", возможна потеря данных
C:\Users\sasha\source\repos\123123123\123123123\main.cpp(537,73): warning C4244: аргумент: преобразование "int" в "float", возможна потеря данных
C:\Users\sasha\source\repos\123123123\123123123\main.cpp(537,48): warning C4244: аргумент: преобразование "int" в "float", возможна потеря данных
C:\Users\sasha\source\repos\123123123\123123123\main.cpp(556,60): warning C4244: аргумент: преобразование "int" в "float", возможна потеря данных
C:\Users\sasha\source\repos\123123123\123123123\main.cpp(556,47): warning C4244: аргумент: преобразование "int" в "float", возможна потеря данных
C:\Users\sasha\source\repos\123123123\123123123\main.cpp(557,73): warning C4244: аргумент: преобразование "int" в "float", возможна потеря данных
C:\Users\sasha\source\repos\123123123\123123123\main.cpp(557,48): warning C4244: аргумент: преобразование "int" в "float", возможна потеря данных
C:\Users\sasha\source\repos\123123123\123123123\main.cpp(578,60): warning C4244: аргумент: преобразование "int" в "float", возможна потеря данных
C:\Users\sasha\source\repos\123123123\123123123\main.cpp(578,47): warning C4244: аргумент: преобразование "int" в "float", возможна потеря данных
C:\Users\sasha\source\repos\123123123\123123123\main.cpp(579,73): warning C4244: аргумент: преобразование "int" в "float", возможна потеря данных
C:\Users\sasha\source\repos\123123123\123123123\main.cpp(579,48): warning C4244: аргумент: преобразование "int" в "float", возможна потеря данных
C:\Users\sasha\source\repos\123123123\123123123\main.cpp(598,60): warning C4244: аргумент: преобразование "int" в "float", возможна потеря данных
C:\Users\sasha\source\repos\123123123\123123123\main.cpp(598,47): warning C4244: аргумент: преобразование "int" в "float", возможна потеря данных
C:\Users\sasha\source\repos\123123123\123123123\main.cpp(599,73): warning C4244: аргумент: преобразование "int" в "float", возможна потеря данных
C:\Users\sasha\source\repos\123123123\123123123\main.cpp(599,48): warning C4244: аргумент: преобразование "int" в "float", возможна потеря данных
C:\Users\sasha\source\repos\123123123\123123123\main.cpp(620,60): warning C4244: аргумент: преобразование "int" в "float", возможна потеря данных
C:\Users\sasha\source\repos\123123123\123123123\main.cpp(620,47): warning C4244: аргумент: преобразование "int" в "float", возможна потеря данных
C:\Users\sasha\source\repos\123123123\123123123\main.cpp(621,73): warning C4244: аргумент: преобразование "int" в "float", возможна потеря данных
C:\Users\sasha\source\repos\123123123\123123123\main.cpp(621,48): warning C4244: аргумент: преобразование "int" в "float", возможна потеря данных
C:\Users\sasha\source\repos\123123123\123123123\main.cpp(640,60): warning C4244: аргумент: преобразование "int" в "float", возможна потеря данных
C:\Users\sasha\source\repos\123123123\123123123\main.cpp(640,47): warning C4244: аргумент: преобразование "int" в "float", возможна потеря данных
C:\Users\sasha\source\repos\123123123\123123123\main.cpp(641,73): warning C4244: аргумент: преобразование "int" в "float", возможна потеря данных
C:\Users\sasha\source\repos\123123123\123123123\main.cpp(641,48): warning C4244: аргумент: преобразование "int" в "float", возможна потеря данных
C:\Users\sasha\source\repos\123123123\123123123\main.cpp(666,60): warning C4244: аргумент: преобразование "int" в "float", возможна потеря данных
C:\Users\sasha\source\repos\123123123\123123123\main.cpp(666,47): warning C4244: аргумент: преобразование "int" в "float", возможна потеря данных
C:\Users\sasha\source\repos\123123123\123123123\main.cpp(688,60): warning C4244: аргумент: преобразование "int" в "float", возможна потеря данных
C:\Users\sasha\source\repos\123123123\123123123\main.cpp(688,47): warning C4244: аргумент: преобразование "int" в "float", возможна потеря данных
C:\Users\sasha\source\repos\123123123\123123123\main.cpp(708,56): warning C4244: аргумент: преобразование "int" в "float", возможна потеря данных
C:\Users\sasha\source\repos\123123123\123123123\main.cpp(708,43): warning C4244: аргумент: преобразование "int" в "float", возможна потеря данных
C:\Users\sasha\source\repos\123123123\123123123\main.cpp(729,60): warning C4244: аргумент: преобразование "int" в "float", возможна потеря данных
C:\Users\sasha\source\repos\123123123\123123123\main.cpp(729,47): warning C4244: аргумент: преобразование "int" в "float", возможна потеря данных
C:\Users\sasha\source\repos\123123123\123123123\main.cpp(730,73): warning C4244: аргумент: преобразование "int" в "float", возможна потеря данных
C:\Users\sasha\source\repos\123123123\123123123\main.cpp(730,48): warning C4244: аргумент: преобразование "int" в "float", возможна потеря данных
C:\Users\sasha\source\repos\123123123\123123123\main.cpp(748,60): warning C4244: аргумент: преобразование "int" в "float", возможна потеря данных
C:\Users\sasha\source\repos\123123123\123123123\main.cpp(748,47): warning C4244: аргумент: преобразование "int" в "float", возможна потеря данных
C:\Users\sasha\source\repos\123123123\123123123\main.cpp(749,73): warning C4244: аргумент: преобразование "int" в "float", возможна потеря данных
C:\Users\sasha\source\repos\123123123\123123123\main.cpp(749,48): warning C4244: аргумент: преобразование "int" в "float", возможна потеря данных
C:\Users\sasha\source\repos\123123123\123123123\main.cpp(770,60): warning C4244: аргумент: преобразование "int" в "float", возможна потеря данных
C:\Users\sasha\source\repos\123123123\123123123\main.cpp(770,47): warning C4244: аргумент: преобразование "int" в "float", возможна потеря данных
C:\Users\sasha\source\repos\123123123\123123123\main.cpp(771,73): warning C4244: аргумент: преобразование "int" в "float", возможна потеря данных
C:\Users\sasha\source\repos\123123123\123123123\main.cpp(771,48): warning C4244: аргумент: преобразование "int" в "float", возможна потеря данных
C:\Users\sasha\source\repos\123123123\123123123\main.cpp(790,60): warning C4244: аргумент: преобразование "int" в "float", возможна потеря данных
C:\Users\sasha\source\repos\123123123\123123123\main.cpp(790,47): warning C4244: аргумент: преобразование "int" в "float", возможна потеря данных
C:\Users\sasha\source\repos\123123123\123123123\main.cpp(791,73): warning C4244: аргумент: преобразование "int" в "float", возможна потеря данных
C:\Users\sasha\source\repos\123123123\123123123\main.cpp(791,48): warning C4244: аргумент: преобразование "int" в "float", возможна потеря данных
C:\Users\sasha\source\repos\123123123\123123123\main.cpp(809,60): warning C4244: аргумент: преобразование "int" в "float", возможна потеря данных
C:\Users\sasha\source\repos\123123123\123123123\main.cpp(809,47): warning C4244: аргумент: преобразование "int" в "float", возможна потеря данных
C:\Users\sasha\source\repos\123123123\123123123\main.cpp(810,73): warning C4244: аргумент: преобразование "int" в "float", возможна потеря данных
C:\Users\sasha\source\repos\123123123\123123123\main.cpp(810,48): warning C4244: аргумент: преобразование "int" в "float", возможна потеря данных
C:\Users\sasha\source\repos\123123123\123123123\main.cpp(831,60): warning C4244: аргумент: преобразование "int" в "float", возможна потеря данных
C:\Users\sasha\source\repos\123123123\123123123\main.cpp(831,47): warning C4244: аргумент: преобразование "int" в "float", возможна потеря данных
C:\Users\sasha\source\repos\123123123\123123123\main.cpp(832,73): warning C4244: аргумент: преобразование "int" в "float", возможна потеря данных
C:\Users\sasha\source\repos\123123123\123123123\main.cpp(832,48): warning C4244: аргумент: преобразование "int" в "float", возможна потеря данных
C:\Users\sasha\source\repos\123123123\123123123\main.cpp(851,60): warning C4244: аргумент: преобразование "int" в "float", возможна потеря данных
C:\Users\sasha\source\repos\123123123\123123123\main.cpp(851,47): warning C4244: аргумент: преобразование "int" в "float", возможна потеря данных
C:\Users\sasha\source\repos\123123123\123123123\main.cpp(852,73): warning C4244: аргумент: преобразование "int" в "float", возможна потеря данных
C:\Users\sasha\source\repos\123123123\123123123\main.cpp(852,48): warning C4244: аргумент: преобразование "int" в "float", возможна потеря данных
C:\Users\sasha\source\repos\123123123\123123123\main.cpp(873,60): warning C4244: аргумент: преобразование "int" в "float", возможна потеря данных
C:\Users\sasha\source\repos\123123123\123123123\main.cpp(873,47): warning C4244: аргумент: преобразование "int" в "float", возможна потеря данных
C:\Users\sasha\source\repos\123123123\123123123\main.cpp(874,73): warning C4244: аргумент: преобразование "int" в "float", возможна потеря данных
C:\Users\sasha\source\repos\123123123\123123123\main.cpp(874,48): warning C4244: аргумент: преобразование "int" в "float", возможна потеря данных
C:\Users\sasha\source\repos\123123123\123123123\main.cpp(893,60): warning C4244: аргумент: преобразование "int" в "float", возможна потеря данных
C:\Users\sasha\source\repos\123123123\123123123\main.cpp(893,47): warning C4244: аргумент: преобразование "int" в "float", возможна потеря данных
C:\Users\sasha\source\repos\123123123\123123123\main.cpp(894,73): warning C4244: аргумент: преобразование "int" в "float", возможна потеря данных
C:\Users\sasha\source\repos\123123123\123123123\main.cpp(894,48): warning C4244: аргумент: преобразование "int" в "float", возможна потеря данных
C:\Users\sasha\source\repos\123123123\123123123\main.cpp(915,60): warning C4244: аргумент: преобразование "int" в "float", возможна потеря данных
C:\Users\sasha\source\repos\123123123\123123123\main.cpp(915,47): warning C4244: аргумент: преобразование "int" в "float", возможна потеря данных
C:\Users\sasha\source\repos\123123123\123123123\main.cpp(916,73): warning C4244: аргумент: преобразование "int" в "float", возможна потеря данных
C:\Users\sasha\source\repos\123123123\123123123\main.cpp(916,48): warning C4244: аргумент: преобразование "int" в "float", возможна потеря данных
C:\Users\sasha\source\repos\123123123\123123123\main.cpp(935,60): warning C4244: аргумент: преобразование "int" в "float", возможна потеря данных
C:\Users\sasha\source\repos\123123123\123123123\main.cpp(935,47): warning C4244: аргумент: преобразование "int" в "float", возможна потеря данных
C:\Users\sasha\source\repos\123123123\123123123\main.cpp(936,73): warning C4244: аргумент: преобразование "int" в "float", возможна потеря данных
C:\Users\sasha\source\repos\123123123\123123123\main.cpp(936,48): warning C4244: аргумент: преобразование "int" в "float", возможна потеря данных
C:\Users\sasha\source\repos\123123123\123123123\main.cpp(961,60): warning C4244: аргумент: преобразование "int" в "float", возможна потеря данных
C:\Users\sasha\source\repos\123123123\123123123\main.cpp(961,47): warning C4244: аргумент: преобразование "int" в "float", возможна потеря данных
C:\Users\sasha\source\repos\123123123\123123123\main.cpp(983,60): warning C4244: аргумент: преобразование "int" в "float", возможна потеря данных
C:\Users\sasha\source\repos\123123123\123123123\main.cpp(983,47): warning C4244: аргумент: преобразование "int" в "float", возможна потеря данных
C:\Users\sasha\source\repos\123123123\123123123\main.cpp(1003,56): warning C4244: аргумент: преобразование "int" в "float", возможна потеря данных
C:\Users\sasha\source\repos\123123123\123123123\main.cpp(1003,43): warning C4244: аргумент: преобразование "int" в "float", возможна потеря данных
C:\Users\sasha\source\repos\123123123\123123123\main.cpp(1024,60): warning C4244: аргумент: преобразование "int" в "float", возможна потеря данных
C:\Users\sasha\source\repos\123123123\123123123\main.cpp(1024,47): warning C4244: аргумент: преобразование "int" в "float", возможна потеря данных
C:\Users\sasha\source\repos\123123123\123123123\main.cpp(1025,73): warning C4244: аргумент: преобразование "int" в "float", возможна потеря данных
C:\Users\sasha\source\repos\123123123\123123123\main.cpp(1025,48): warning C4244: аргумент: преобразование "int" в "float", возможна потеря данных
C:\Users\sasha\source\repos\123123123\123123123\main.cpp(1043,60): warning C4244: аргумент: преобразование "int" в "float", возможна потеря данных
C:\Users\sasha\source\repos\123123123\123123123\main.cpp(1043,47): warning C4244: аргумент: преобразование "int" в "float", возможна потеря данных
C:\Users\sasha\source\repos\123123123\123123123\main.cpp(1044,73): warning C4244: аргумент: преобразование "int" в "float", возможна потеря данных
C:\Users\sasha\source\repos\123123123\123123123\main.cpp(1044,48): warning C4244: аргумент: преобразование "int" в "float", возможна потеря данных
C:\Users\sasha\source\repos\123123123\123123123\main.cpp(1065,60): warning C4244: аргумент: преобразование "int" в "float", возможна потеря данных
C:\Users\sasha\source\repos\123123123\123123123\main.cpp(1065,47): warning C4244: аргумент: преобразование "int" в "float", возможна потеря данных
C:\Users\sasha\source\repos\123123123\123123123\main.cpp(1066,73): warning C4244: аргумент: преобразование "int" в "float", возможна потеря данных
C:\Users\sasha\source\repos\123123123\123123123\main.cpp(1066,48): warning C4244: аргумент: преобразование "int" в "float", возможна потеря данных
C:\Users\sasha\source\repos\123123123\123123123\main.cpp(1085,60): warning C4244: аргумент: преобразование "int" в "float", возможна потеря данных
C:\Users\sasha\source\repos\123123123\123123123\main.cpp(1085,47): warning C4244: аргумент: преобразование "int" в "float", возможна потеря данных
C:\Users\sasha\source\repos\123123123\123123123\main.cpp(1086,73): warning C4244: аргумент: преобразование "int" в "float", возможна потеря данных
C:\Users\sasha\source\repos\123123123\123123123\main.cpp(1086,48): warning C4244: аргумент: преобразование "int" в "float", возможна потеря данных
C:\Users\sasha\source\repos\123123123\123123123\main.cpp(1104,60): warning C4244: аргумент: преобразование "int" в "float", возможна потеря данных
C:\Users\sasha\source\repos\123123123\123123123\main.cpp(1104,47): warning C4244: аргумент: преобразование "int" в "float", возможна потеря данных
C:\Users\sasha\source\repos\123123123\123123123\main.cpp(1105,73): warning C4244: аргумент: преобразование "int" в "float", возможна потеря данных
C:\Users\sasha\source\repos\123123123\123123123\main.cpp(1105,48): warning C4244: аргумент: преобразование "int" в "float", возможна потеря данных
C:\Users\sasha\source\repos\123123123\123123123\main.cpp(1126,60): warning C4244: аргумент: преобразование "int" в "float", возможна потеря данных
C:\Users\sasha\source\repos\123123123\123123123\main.cpp(1126,47): warning C4244: аргумент: преобразование "int" в "float", возможна потеря данных
C:\Users\sasha\source\repos\123123123\123123123\main.cpp(1127,73): warning C4244: аргумент: преобразование "int" в "float", возможна потеря данных
C:\Users\sasha\source\repos\123123123\123123123\main.cpp(1127,48): warning C4244: аргумент: преобразование "int" в "float", возможна потеря данных
C:\Users\sasha\source\repos\123123123\123123123\main.cpp(1146,60): warning C4244: аргумент: преобразование "int" в "float", возможна потеря данных
C:\Users\sasha\source\repos\123123123\123123123\main.cpp(1146,47): warning C4244: аргумент: преобразование "int" в "float", возможна потеря данных
C:\Users\sasha\source\repos\123123123\123123123\main.cpp(1147,73): warning C4244: аргумент: преобразование "int" в "float", возможна потеря данных
C:\Users\sasha\source\repos\123123123\123123123\main.cpp(1147,48): warning C4244: аргумент: преобразование "int" в "float", возможна потеря данных
C:\Users\sasha\source\repos\123123123\123123123\main.cpp(1165,60): warning C4244: аргумент: преобразование "int" в "float", возможна потеря данных
C:\Users\sasha\source\repos\123123123\123123123\main.cpp(1165,47): warning C4244: аргумент: преобразование "int" в "float", возможна потеря данных
C:\Users\sasha\source\repos\123123123\123123123\main.cpp(1166,73): warning C4244: аргумент: преобразование "int" в "float", возможна потеря данных
C:\Users\sasha\source\repos\123123123\123123123\main.cpp(1166,48): warning C4244: аргумент: преобразование "int" в "float", возможна потеря данных
C:\Users\sasha\source\repos\123123123\123123123\main.cpp(1187,60): warning C4244: аргумент: преобразование "int" в "float", возможна потеря данных
C:\Users\sasha\source\repos\123123123\123123123\main.cpp(1187,47): warning C4244: аргумент: преобразование "int" в "float", возможна потеря данных
C:\Users\sasha\source\repos\123123123\123123123\main.cpp(1188,73): warning C4244: аргумент: преобразование "int" в "float", возможна потеря данных
C:\Users\sasha\source\repos\123123123\123123123\main.cpp(1188,48): warning C4244: аргумент: преобразование "int" в "float", возможна потеря данных
C:\Users\sasha\source\repos\123123123\123123123\main.cpp(1207,60): warning C4244: аргумент: преобразование "int" в "float", возможна потеря данных
C:\Users\sasha\source\repos\123123123\123123123\main.cpp(1207,47): warning C4244: аргумент: преобразование "int" в "float", возможна потеря данных
C:\Users\sasha\source\repos\123123123\123123123\main.cpp(1208,73): warning C4244: аргумент: преобразование "int" в "float", возможна потеря данных
C:\Users\sasha\source\repos\123123123\123123123\main.cpp(1208,48): warning C4244: аргумент: преобразование "int" в "float", возможна потеря данных
C:\Users\sasha\source\repos\123123123\123123123\main.cpp(1229,60): warning C4244: аргумент: преобразование "int" в "float", возможна потеря данных
C:\Users\sasha\source\repos\123123123\123123123\main.cpp(1229,47): warning C4244: аргумент: преобразование "int" в "float", возможна потеря данных
C:\Users\sasha\source\repos\123123123\123123123\main.cpp(1230,73): warning C4244: аргумент: преобразование "int" в "float", возможна потеря данных
C:\Users\sasha\source\repos\123123123\123123123\main.cpp(1230,48): warning C4244: аргумент: преобразование "int" в "float", возможна потеря данных
C:\Users\sasha\source\repos\123123123\123123123\main.cpp(1249,60): warning C4244: аргумент: преобразование "int" в "float", возможна потеря данных
C:\Users\sasha\source\repos\123123123\123123123\main.cpp(1249,47): warning C4244: аргумент: преобразование "int" в "float", возможна потеря данных
C:\Users\sasha\source\repos\123123123\123123123\main.cpp(1250,73): warning C4244: аргумент: преобразование "int" в "float", возможна потеря данных
C:\Users\sasha\source\repos\123123123\123123123\main.cpp(1250,48): warning C4244: аргумент: преобразование "int" в "float", возможна потеря данных
C:\Users\sasha\source\repos\123123123\123123123\main.cpp(1275,60): warning C4244: аргумент: преобразование "int" в "float", возможна потеря данных
C:\Users\sasha\source\repos\123123123\123123123\main.cpp(1275,47): warning C4244: аргумент: преобразование "int" в "float", возможна потеря данных
C:\Users\sasha\source\repos\123123123\123123123\main.cpp(1297,60): warning C4244: аргумент: преобразование "int" в "float", возможна потеря данных
C:\Users\sasha\source\repos\123123123\123123123\main.cpp(1297,47): warning C4244: аргумент: преобразование "int" в "float", возможна потеря данных
C:\Users\sasha\source\repos\123123123\123123123\main.cpp(1317,56): warning C4244: аргумент: преобразование "int" в "float", возможна потеря данных
C:\Users\sasha\source\repos\123123123\123123123\main.cpp(1317,43): warning C4244: аргумент: преобразование "int" в "float", возможна потеря данных
C:\Users\sasha\source\repos\123123123\123123123\main.cpp(1338,60): warning C4244: аргумент: преобразование "int" в "float", возможна потеря данных
C:\Users\sasha\source\repos\123123123\123123123\main.cpp(1338,47): warning C4244: аргумент: преобразование "int" в "float", возможна потеря данных
C:\Users\sasha\source\repos\123123123\123123123\main.cpp(1339,73): warning C4244: аргумент: преобразование "int" в "float", возможна потеря данных
C:\Users\sasha\source\repos\123123123\123123123\main.cpp(1339,48): warning C4244: аргумент: преобразование "int" в "float", возможна потеря данных
C:\Users\sasha\source\repos\123123123\123123123\main.cpp(1357,60): warning C4244: аргумент: преобразование "int" в "float", возможна потеря данных
C:\Users\sasha\source\repos\123123123\123123123\main.cpp(1357,47): warning C4244: аргумент: преобразование "int" в "float", возможна потеря данных
C:\Users\sasha\source\repos\123123123\123123123\main.cpp(1358,73): warning C4244: аргумент: преобразование "int" в "float", возможна потеря данных
C:\Users\sasha\source\repos\123123123\123123123\main.cpp(1358,48): warning C4244: аргумент: преобразование "int" в "float", возможна потеря данных
C:\Users\sasha\source\repos\123123123\123123123\main.cpp(1379,60): warning C4244: аргумент: преобразование "int" в "float", возможна потеря данных
C:\Users\sasha\source\repos\123123123\123123123\main.cpp(1379,47): warning C4244: аргумент: преобразование "int" в "float", возможна потеря данных
C:\Users\sasha\source\repos\123123123\123123123\main.cpp(1380,73): warning C4244: аргумент: преобразование "int" в "float", возможна потеря данных
C:\Users\sasha\source\repos\123123123\123123123\main.cpp(1380,48): warning C4244: аргумент: преобразование "int" в "float", возможна потеря данных
C:\Users\sasha\source\repos\123123123\123123123\main.cpp(1399,60): warning C4244: аргумент: преобразование "int" в "float", возможна потеря данных
C:\Users\sasha\source\repos\123123123\123123123\main.cpp(1399,47): warning C4244: аргумент: преобразование "int" в "float", возможна потеря данных
C:\Users\sasha\source\repos\123123123\123123123\main.cpp(1400,73): warning C4244: аргумент: преобразование "int" в "float", возможна потеря данных
C:\Users\sasha\source\repos\123123123\123123123\main.cpp(1400,48): warning C4244: аргумент: преобразование "int" в "float", возможна потеря данных
C:\Users\sasha\source\repos\123123123\123123123\main.cpp(1418,60): warning C4244: аргумент: преобразование "int" в "float", возможна потеря данных
C:\Users\sasha\source\repos\123123123\123123123\main.cpp(1418,47): warning C4244: аргумент: преобразование "int" в "float", возможна потеря данных
C:\Users\sasha\source\repos\123123123\123123123\main.cpp(1419,73): warning C4244: аргумент: преобразование "int" в "float", возможна потеря данных
C:\Users\sasha\source\repos\123123123\123123123\main.cpp(1419,48): warning C4244: аргумент: преобразование "int" в "float", возможна потеря данных
C:\Users\sasha\source\repos\123123123\123123123\main.cpp(1440,60): warning C4244: аргумент: преобразование "int" в "float", возможна потеря данных
C:\Users\sasha\source\repos\123123123\123123123\main.cpp(1440,47): warning C4244: аргумент: преобразование "int" в "float", возможна потеря данных
C:\Users\sasha\source\repos\123123123\123123123\main.cpp(1441,73): warning C4244: аргумент: преобразование "int" в "float", возможна потеря данных
C:\Users\sasha\source\repos\123123123\123123123\main.cpp(1441,48): warning C4244: аргумент: преобразование "int" в "float", возможна потеря данных
C:\Users\sasha\source\repos\123123123\123123123\main.cpp(1460,60): warning C4244: аргумент: преобразование "int" в "float", возможна потеря данных
C:\Users\sasha\source\repos\123123123\123123123\main.cpp(1460,47): warning C4244: аргумент: преобразование "int" в "float", возможна потеря данных
C:\Users\sasha\source\repos\123123123\123123123\main.cpp(1461,73): warning C4244: аргумент: преобразование "int" в "float", возможна потеря данных
C:\Users\sasha\source\repos\123123123\123123123\main.cpp(1461,48): warning C4244: аргумент: преобразование "int" в "float", возможна потеря данных
C:\Users\sasha\source\repos\123123123\123123123\main.cpp(1479,60): warning C4244: аргумент: преобразование "int" в "float", возможна потеря данных
C:\Users\sasha\source\repos\123123123\123123123\main.cpp(1479,47): warning C4244: аргумент: преобразование "int" в "float", возможна потеря данных
C:\Users\sasha\source\repos\123123123\123123123\main.cpp(1480,73): warning C4244: аргумент: преобразование "int" в "float", возможна потеря данных
C:\Users\sasha\source\repos\123123123\123123123\main.cpp(1480,48): warning C4244: аргумент: преобразование "int" в "float", возможна потеря данных
C:\Users\sasha\source\repos\123123123\123123123\main.cpp(1501,60): warning C4244: аргумент: преобразование "int" в "float", возможна потеря данных
C:\Users\sasha\source\repos\123123123\123123123\main.cpp(1501,47): warning C4244: аргумент: преобразование "int" в "float", возможна потеря данных
C:\Users\sasha\source\repos\123123123\123123123\main.cpp(1502,73): warning C4244: аргумент: преобразование "int" в "float", возможна потеря данных
C:\Users\sasha\source\repos\123123123\123123123\main.cpp(1502,48): warning C4244: аргумент: преобразование "int" в "float", возможна потеря данных
C:\Users\sasha\source\repos\123123123\123123123\main.cpp(1521,60): warning C4244: аргумент: преобразование "int" в "float", возможна потеря данных
C:\Users\sasha\source\repos\123123123\123123123\main.cpp(1521,47): warning C4244: аргумент: преобразование "int" в "float", возможна потеря данных
C:\Users\sasha\source\repos\123123123\123123123\main.cpp(1522,73): warning C4244: аргумент: преобразование "int" в "float", возможна потеря данных
C:\Users\sasha\source\repos\123123123\123123123\main.cpp(1522,48): warning C4244: аргумент: преобразование "int" в "float", возможна потеря данных
C:\Users\sasha\source\repos\123123123\123123123\main.cpp(1540,60): warning C4244: аргумент: преобразование "int" в "float", возможна потеря данных
C:\Users\sasha\source\repos\123123123\123123123\main.cpp(1540,47): warning C4244: аргумент: преобразование "int" в "float", возможна потеря данных
C:\Users\sasha\source\repos\123123123\123123123\main.cpp(1541,73): warning C4244: аргумент: преобразование "int" в "float", возможна потеря данных
C:\Users\sasha\source\repos\123123123\123123123\main.cpp(1541,48): warning C4244: аргумент: преобразование "int" в "float", возможна потеря данных
C:\Users\sasha\source\repos\123123123\123123123\main.cpp(1562,60): warning C4244: аргумент: преобразование "int" в "float", возможна потеря данных
C:\Users\sasha\source\repos\123123123\123123123\main.cpp(1562,47): warning C4244: аргумент: преобразование "int" в "float", возможна потеря данных
C:\Users\sasha\source\repos\123123123\123123123\main.cpp(1563,73): warning C4244: аргумент: преобразование "int" в "float", возможна потеря данных
C:\Users\sasha\source\repos\123123123\123123123\main.cpp(1563,48): warning C4244: аргумент: преобразование "int" в "float", возможна потеря данных
C:\Users\sasha\source\repos\123123123\123123123\main.cpp(1582,60): warning C4244: аргумент: преобразование "int" в "float", возможна потеря данных
C:\Users\sasha\source\repos\123123123\123123123\main.cpp(1582,47): warning C4244: аргумент: преобразование "int" в "float", возможна потеря данных
C:\Users\sasha\source\repos\123123123\123123123\main.cpp(1583,73): warning C4244: аргумент: преобразование "int" в "float", возможна потеря данных
C:\Users\sasha\source\repos\123123123\123123123\main.cpp(1583,48): warning C4244: аргумент: преобразование "int" в "float", возможна потеря данных
C:\Users\sasha\source\repos\123123123\123123123\main.cpp(13,25): warning C4101: n: неиспользованная локальная переменная
  Создание кода
  1 of 80 functions ( 1.2%) were compiled, the rest were copied from previous compilation.
    0 functions were new in current compilation
    0 functions had inline decision re-evaluated but remain unchanged
  Создание кода завершено
  123123123.vcxproj -> C:\Users\sasha\source\repos\123123123\x64\Release\123123123.exe
