  main.cpp
C:\Users\sasha\source\repos\123123123\123123123\main.cpp(14,15): warning C4244: аргумент: преобразование "time_t" в "unsigned int", возможна потеря данных
C:\Users\sasha\source\repos\123123123\123123123\main.cpp(96,38): warning C4244: =: преобразование "const T" в "int", возможна потеря данных
          with
          [
              T=float
          ]
C:\Users\sasha\source\repos\123123123\123123123\main.cpp(97,38): warning C4244: =: преобразование "const T" в "int", возможна потеря данных
          with
          [
              T=float
          ]
C:\Users\sasha\source\repos\123123123\123123123\main.cpp(120,60): warning C4244: аргумент: преобразование "int" в "float", возможна потеря данных
C:\Users\sasha\source\repos\123123123\123123123\main.cpp(120,47): warning C4244: аргумент: преобразование "int" в "float", возможна потеря данных
C:\Users\sasha\source\repos\123123123\123123123\main.cpp(142,60): warning C4244: аргумент: преобразование "int" в "float", возможна потеря данных
C:\Users\sasha\source\repos\123123123\123123123\main.cpp(142,47): warning C4244: аргумент: преобразование "int" в "float", возможна потеря данных
C:\Users\sasha\source\repos\123123123\123123123\main.cpp(162,56): warning C4244: аргумент: преобразование "int" в "float", возможна потеря данных
C:\Users\sasha\source\repos\123123123\123123123\main.cpp(162,43): warning C4244: аргумент: преобразование "int" в "float", возможна потеря данных
C:\Users\sasha\source\repos\123123123\123123123\main.cpp(183,60): warning C4244: аргумент: преобразование "int" в "float", возможна потеря данных
C:\Users\sasha\source\repos\123123123\123123123\main.cpp(183,47): warning C4244: аргумент: преобразование "int" в "float", возможна потеря данных
C:\Users\sasha\source\repos\123123123\123123123\main.cpp(184,73): warning C4244: аргумент: преобразование "int" в "float", возможна потеря данных
C:\Users\sasha\source\repos\123123123\123123123\main.cpp(184,48): warning C4244: аргумент: преобразование "int" в "float", возможна потеря данных
C:\Users\sasha\source\repos\123123123\123123123\main.cpp(205,60): warning C4244: аргумент: преобразование "int" в "float", возможна потеря данных
C:\Users\sasha\source\repos\123123123\123123123\main.cpp(205,47): warning C4244: аргумент: преобразование "int" в "float", возможна потеря данных
C:\Users\sasha\source\repos\123123123\123123123\main.cpp(206,73): warning C4244: аргумент: преобразование "int" в "float", возможна потеря данных
C:\Users\sasha\source\repos\123123123\123123123\main.cpp(206,48): warning C4244: аргумент: преобразование "int" в "float", возможна потеря данных
C:\Users\sasha\source\repos\123123123\123123123\main.cpp(225,60): warning C4244: аргумент: преобразование "int" в "float", возможна потеря данных
C:\Users\sasha\source\repos\123123123\123123123\main.cpp(225,47): warning C4244: аргумент: преобразование "int" в "float", возможна потеря данных
C:\Users\sasha\source\repos\123123123\123123123\main.cpp(226,73): warning C4244: аргумент: преобразование "int" в "float", возможна потеря данных
C:\Users\sasha\source\repos\123123123\123123123\main.cpp(226,48): warning C4244: аргумент: преобразование "int" в "float", возможна потеря данных
C:\Users\sasha\source\repos\123123123\123123123\main.cpp(247,60): warning C4244: аргумент: преобразование "int" в "float", возможна потеря данных
C:\Users\sasha\source\repos\123123123\123123123\main.cpp(247,47): warning C4244: аргумент: преобразование "int" в "float", возможна потеря данных
C:\Users\sasha\source\repos\123123123\123123123\main.cpp(248,73): warning C4244: аргумент: преобразование "int" в "float", возможна потеря данных
C:\Users\sasha\source\repos\123123123\123123123\main.cpp(248,48): warning C4244: аргумент: преобразование "int" в "float", возможна потеря данных
C:\Users\sasha\source\repos\123123123\123123123\main.cpp(267,60): warning C4244: аргумент: преобразование "int" в "float", возможна потеря данных
C:\Users\sasha\source\repos\123123123\123123123\main.cpp(267,47): warning C4244: аргумент: преобразование "int" в "float", возможна потеря данных
C:\Users\sasha\source\repos\123123123\123123123\main.cpp(268,73): warning C4244: аргумент: преобразование "int" в "float", возможна потеря данных
C:\Users\sasha\source\repos\123123123\123123123\main.cpp(268,48): warning C4244: аргумент: преобразование "int" в "float", возможна потеря данных
C:\Users\sasha\source\repos\123123123\123123123\main.cpp(289,60): warning C4244: аргумент: преобразование "int" в "float", возможна потеря данных
C:\Users\sasha\source\repos\123123123\123123123\main.cpp(289,47): warning C4244: аргумент: преобразование "int" в "float", возможна потеря данных
C:\Users\sasha\source\repos\123123123\123123123\main.cpp(290,73): warning C4244: аргумент: преобразование "int" в "float", возможна потеря данных
C:\Users\sasha\source\repos\123123123\123123123\main.cpp(290,48): warning C4244: аргумент: преобразование "int" в "float", возможна потеря данных
C:\Users\sasha\source\repos\123123123\123123123\main.cpp(309,60): warning C4244: аргумент: преобразование "int" в "float", возможна потеря данных
C:\Users\sasha\source\repos\123123123\123123123\main.cpp(309,47): warning C4244: аргумент: преобразование "int" в "float", возможна потеря данных
C:\Users\sasha\source\repos\123123123\123123123\main.cpp(310,73): warning C4244: аргумент: преобразование "int" в "float", возможна потеря данных
C:\Users\sasha\source\repos\123123123\123123123\main.cpp(310,48): warning C4244: аргумент: преобразование "int" в "float", возможна потеря данных
C:\Users\sasha\source\repos\123123123\123123123\main.cpp(331,60): warning C4244: аргумент: преобразование "int" в "float", возможна потеря данных
C:\Users\sasha\source\repos\123123123\123123123\main.cpp(331,47): warning C4244: аргумент: преобразование "int" в "float", возможна потеря данных
C:\Users\sasha\source\repos\123123123\123123123\main.cpp(332,73): warning C4244: аргумент: преобразование "int" в "float", возможна потеря данных
C:\Users\sasha\source\repos\123123123\123123123\main.cpp(332,48): warning C4244: аргумент: преобразование "int" в "float", возможна потеря данных
C:\Users\sasha\source\repos\123123123\123123123\main.cpp(351,60): warning C4244: аргумент: преобразование "int" в "float", возможна потеря данных
C:\Users\sasha\source\repos\123123123\123123123\main.cpp(351,47): warning C4244: аргумент: преобразование "int" в "float", возможна потеря данных
C:\Users\sasha\source\repos\123123123\123123123\main.cpp(352,73): warning C4244: аргумент: преобразование "int" в "float", возможна потеря данных
C:\Users\sasha\source\repos\123123123\123123123\main.cpp(352,48): warning C4244: аргумент: преобразование "int" в "float", возможна потеря данных
C:\Users\sasha\source\repos\123123123\123123123\main.cpp(377,60): warning C4244: аргумент: преобразование "int" в "float", возможна потеря данных
C:\Users\sasha\source\repos\123123123\123123123\main.cpp(377,47): warning C4244: аргумент: преобразование "int" в "float", возможна потеря данных
C:\Users\sasha\source\repos\123123123\123123123\main.cpp(399,60): warning C4244: аргумент: преобразование "int" в "float", возможна потеря данных
C:\Users\sasha\source\repos\123123123\123123123\main.cpp(399,47): warning C4244: аргумент: преобразование "int" в "float", возможна потеря данных
C:\Users\sasha\source\repos\123123123\123123123\main.cpp(419,56): warning C4244: аргумент: преобразование "int" в "float", возможна потеря данных
C:\Users\sasha\source\repos\123123123\123123123\main.cpp(419,43): warning C4244: аргумент: преобразование "int" в "float", возможна потеря данных
C:\Users\sasha\source\repos\123123123\123123123\main.cpp(443,60): warning C4244: аргумент: преобразование "int" в "float", возможна потеря данных
C:\Users\sasha\source\repos\123123123\123123123\main.cpp(443,47): warning C4244: аргумент: преобразование "int" в "float", возможна потеря данных
C:\Users\sasha\source\repos\123123123\123123123\main.cpp(444,73): warning C4244: аргумент: преобразование "int" в "float", возможна потеря данных
C:\Users\sasha\source\repos\123123123\123123123\main.cpp(444,48): warning C4244: аргумент: преобразование "int" в "float", возможна потеря данных
C:\Users\sasha\source\repos\123123123\123123123\main.cpp(462,60): warning C4244: аргумент: преобразование "int" в "float", возможна потеря данных
C:\Users\sasha\source\repos\123123123\123123123\main.cpp(462,47): warning C4244: аргумент: преобразование "int" в "float", возможна потеря данных
C:\Users\sasha\source\repos\123123123\123123123\main.cpp(463,73): warning C4244: аргумент: преобразование "int" в "float", возможна потеря данных
C:\Users\sasha\source\repos\123123123\123123123\main.cpp(463,48): warning C4244: аргумент: преобразование "int" в "float", возможна потеря данных
C:\Users\sasha\source\repos\123123123\123123123\main.cpp(484,60): warning C4244: аргумент: преобразование "int" в "float", возможна потеря данных
C:\Users\sasha\source\repos\123123123\123123123\main.cpp(484,47): warning C4244: аргумент: преобразование "int" в "float", возможна потеря данных
C:\Users\sasha\source\repos\123123123\123123123\main.cpp(485,73): warning C4244: аргумент: преобразование "int" в "float", возможна потеря данных
C:\Users\sasha\source\repos\123123123\123123123\main.cpp(485,48): warning C4244: аргумент: преобразование "int" в "float", возможна потеря данных
C:\Users\sasha\source\repos\123123123\123123123\main.cpp(504,60): warning C4244: аргумент: преобразование "int" в "float", возможна потеря данных
C:\Users\sasha\source\repos\123123123\123123123\main.cpp(504,47): warning C4244: аргумент: преобразование "int" в "float", возможна потеря данных
C:\Users\sasha\source\repos\123123123\123123123\main.cpp(505,73): warning C4244: аргумент: преобразование "int" в "float", возможна потеря данных
C:\Users\sasha\source\repos\123123123\123123123\main.cpp(505,48): warning C4244: аргумент: преобразование "int" в "float", возможна потеря данных
C:\Users\sasha\source\repos\123123123\123123123\main.cpp(526,60): warning C4244: аргумент: преобразование "int" в "float", возможна потеря данных
C:\Users\sasha\source\repos\123123123\123123123\main.cpp(526,47): warning C4244: аргумент: преобразование "int" в "float", возможна потеря данных
C:\Users\sasha\source\repos\123123123\123123123\main.cpp(527,73): warning C4244: аргумент: преобразование "int" в "float", возможна потеря данных
C:\Users\sasha\source\repos\123123123\123123123\main.cpp(527,48): warning C4244: аргумент: преобразование "int" в "float", возможна потеря данных
C:\Users\sasha\source\repos\123123123\123123123\main.cpp(546,60): warning C4244: аргумент: преобразование "int" в "float", возможна потеря данных
C:\Users\sasha\source\repos\123123123\123123123\main.cpp(546,47): warning C4244: аргумент: преобразование "int" в "float", возможна потеря данных
C:\Users\sasha\source\repos\123123123\123123123\main.cpp(547,73): warning C4244: аргумент: преобразование "int" в "float", возможна потеря данных
C:\Users\sasha\source\repos\123123123\123123123\main.cpp(547,48): warning C4244: аргумент: преобразование "int" в "float", возможна потеря данных
C:\Users\sasha\source\repos\123123123\123123123\main.cpp(568,60): warning C4244: аргумент: преобразование "int" в "float", возможна потеря данных
C:\Users\sasha\source\repos\123123123\123123123\main.cpp(568,47): warning C4244: аргумент: преобразование "int" в "float", возможна потеря данных
C:\Users\sasha\source\repos\123123123\123123123\main.cpp(569,73): warning C4244: аргумент: преобразование "int" в "float", возможна потеря данных
C:\Users\sasha\source\repos\123123123\123123123\main.cpp(569,48): warning C4244: аргумент: преобразование "int" в "float", возможна потеря данных
C:\Users\sasha\source\repos\123123123\123123123\main.cpp(588,60): warning C4244: аргумент: преобразование "int" в "float", возможна потеря данных
C:\Users\sasha\source\repos\123123123\123123123\main.cpp(588,47): warning C4244: аргумент: преобразование "int" в "float", возможна потеря данных
C:\Users\sasha\source\repos\123123123\123123123\main.cpp(589,73): warning C4244: аргумент: преобразование "int" в "float", возможна потеря данных
C:\Users\sasha\source\repos\123123123\123123123\main.cpp(589,48): warning C4244: аргумент: преобразование "int" в "float", возможна потеря данных
C:\Users\sasha\source\repos\123123123\123123123\main.cpp(610,60): warning C4244: аргумент: преобразование "int" в "float", возможна потеря данных
C:\Users\sasha\source\repos\123123123\123123123\main.cpp(610,47): warning C4244: аргумент: преобразование "int" в "float", возможна потеря данных
C:\Users\sasha\source\repos\123123123\123123123\main.cpp(611,73): warning C4244: аргумент: преобразование "int" в "float", возможна потеря данных
C:\Users\sasha\source\repos\123123123\123123123\main.cpp(611,48): warning C4244: аргумент: преобразование "int" в "float", возможна потеря данных
C:\Users\sasha\source\repos\123123123\123123123\main.cpp(630,60): warning C4244: аргумент: преобразование "int" в "float", возможна потеря данных
C:\Users\sasha\source\repos\123123123\123123123\main.cpp(630,47): warning C4244: аргумент: преобразование "int" в "float", возможна потеря данных
C:\Users\sasha\source\repos\123123123\123123123\main.cpp(631,73): warning C4244: аргумент: преобразование "int" в "float", возможна потеря данных
C:\Users\sasha\source\repos\123123123\123123123\main.cpp(631,48): warning C4244: аргумент: преобразование "int" в "float", возможна потеря данных
C:\Users\sasha\source\repos\123123123\123123123\main.cpp(656,60): warning C4244: аргумент: преобразование "int" в "float", возможна потеря данных
C:\Users\sasha\source\repos\123123123\123123123\main.cpp(656,47): warning C4244: аргумент: преобразование "int" в "float", возможна потеря данных
C:\Users\sasha\source\repos\123123123\123123123\main.cpp(678,60): warning C4244: аргумент: преобразование "int" в "float", возможна потеря данных
C:\Users\sasha\source\repos\123123123\123123123\main.cpp(678,47): warning C4244: аргумент: преобразование "int" в "float", возможна потеря данных
C:\Users\sasha\source\repos\123123123\123123123\main.cpp(698,56): warning C4244: аргумент: преобразование "int" в "float", возможна потеря данных
C:\Users\sasha\source\repos\123123123\123123123\main.cpp(698,43): warning C4244: аргумент: преобразование "int" в "float", возможна потеря данных
C:\Users\sasha\source\repos\123123123\123123123\main.cpp(719,60): warning C4244: аргумент: преобразование "int" в "float", возможна потеря данных
C:\Users\sasha\source\repos\123123123\123123123\main.cpp(719,47): warning C4244: аргумент: преобразование "int" в "float", возможна потеря данных
C:\Users\sasha\source\repos\123123123\123123123\main.cpp(720,73): warning C4244: аргумент: преобразование "int" в "float", возможна потеря данных
C:\Users\sasha\source\repos\123123123\123123123\main.cpp(720,48): warning C4244: аргумент: преобразование "int" в "float", возможна потеря данных
C:\Users\sasha\source\repos\123123123\123123123\main.cpp(738,60): warning C4244: аргумент: преобразование "int" в "float", возможна потеря данных
C:\Users\sasha\source\repos\123123123\123123123\main.cpp(738,47): warning C4244: аргумент: преобразование "int" в "float", возможна потеря данных
C:\Users\sasha\source\repos\123123123\123123123\main.cpp(739,73): warning C4244: аргумент: преобразование "int" в "float", возможна потеря данных
C:\Users\sasha\source\repos\123123123\123123123\main.cpp(739,48): warning C4244: аргумент: преобразование "int" в "float", возможна потеря данных
C:\Users\sasha\source\repos\123123123\123123123\main.cpp(760,60): warning C4244: аргумент: преобразование "int" в "float", возможна потеря данных
C:\Users\sasha\source\repos\123123123\123123123\main.cpp(760,47): warning C4244: аргумент: преобразование "int" в "float", возможна потеря данных
C:\Users\sasha\source\repos\123123123\123123123\main.cpp(761,73): warning C4244: аргумент: преобразование "int" в "float", возможна потеря данных
C:\Users\sasha\source\repos\123123123\123123123\main.cpp(761,48): warning C4244: аргумент: преобразование "int" в "float", возможна потеря данных
C:\Users\sasha\source\repos\123123123\123123123\main.cpp(780,60): warning C4244: аргумент: преобразование "int" в "float", возможна потеря данных
C:\Users\sasha\source\repos\123123123\123123123\main.cpp(780,47): warning C4244: аргумент: преобразование "int" в "float", возможна потеря данных
C:\Users\sasha\source\repos\123123123\123123123\main.cpp(781,73): warning C4244: аргумент: преобразование "int" в "float", возможна потеря данных
C:\Users\sasha\source\repos\123123123\123123123\main.cpp(781,48): warning C4244: аргумент: преобразование "int" в "float", возможна потеря данных
C:\Users\sasha\source\repos\123123123\123123123\main.cpp(799,60): warning C4244: аргумент: преобразование "int" в "float", возможна потеря данных
C:\Users\sasha\source\repos\123123123\123123123\main.cpp(799,47): warning C4244: аргумент: преобразование "int" в "float", возможна потеря данных
C:\Users\sasha\source\repos\123123123\123123123\main.cpp(800,73): warning C4244: аргумент: преобразование "int" в "float", возможна потеря данных
C:\Users\sasha\source\repos\123123123\123123123\main.cpp(800,48): warning C4244: аргумент: преобразование "int" в "float", возможна потеря данных
C:\Users\sasha\source\repos\123123123\123123123\main.cpp(821,60): warning C4244: аргумент: преобразование "int" в "float", возможна потеря данных
C:\Users\sasha\source\repos\123123123\123123123\main.cpp(821,47): warning C4244: аргумент: преобразование "int" в "float", возможна потеря данных
C:\Users\sasha\source\repos\123123123\123123123\main.cpp(822,73): warning C4244: аргумент: преобразование "int" в "float", возможна потеря данных
C:\Users\sasha\source\repos\123123123\123123123\main.cpp(822,48): warning C4244: аргумент: преобразование "int" в "float", возможна потеря данных
C:\Users\sasha\source\repos\123123123\123123123\main.cpp(841,60): warning C4244: аргумент: преобразование "int" в "float", возможна потеря данных
C:\Users\sasha\source\repos\123123123\123123123\main.cpp(841,47): warning C4244: аргумент: преобразование "int" в "float", возможна потеря данных
C:\Users\sasha\source\repos\123123123\123123123\main.cpp(842,73): warning C4244: аргумент: преобразование "int" в "float", возможна потеря данных
C:\Users\sasha\source\repos\123123123\123123123\main.cpp(842,48): warning C4244: аргумент: преобразование "int" в "float", возможна потеря данных
C:\Users\sasha\source\repos\123123123\123123123\main.cpp(863,60): warning C4244: аргумент: преобразование "int" в "float", возможна потеря данных
C:\Users\sasha\source\repos\123123123\123123123\main.cpp(863,47): warning C4244: аргумент: преобразование "int" в "float", возможна потеря данных
C:\Users\sasha\source\repos\123123123\123123123\main.cpp(864,73): warning C4244: аргумент: преобразование "int" в "float", возможна потеря данных
C:\Users\sasha\source\repos\123123123\123123123\main.cpp(864,48): warning C4244: аргумент: преобразование "int" в "float", возможна потеря данных
C:\Users\sasha\source\repos\123123123\123123123\main.cpp(883,60): warning C4244: аргумент: преобразование "int" в "float", возможна потеря данных
C:\Users\sasha\source\repos\123123123\123123123\main.cpp(883,47): warning C4244: аргумент: преобразование "int" в "float", возможна потеря данных
C:\Users\sasha\source\repos\123123123\123123123\main.cpp(884,73): warning C4244: аргумент: преобразование "int" в "float", возможна потеря данных
C:\Users\sasha\source\repos\123123123\123123123\main.cpp(884,48): warning C4244: аргумент: преобразование "int" в "float", возможна потеря данных
C:\Users\sasha\source\repos\123123123\123123123\main.cpp(905,60): warning C4244: аргумент: преобразование "int" в "float", возможна потеря данных
C:\Users\sasha\source\repos\123123123\123123123\main.cpp(905,47): warning C4244: аргумент: преобразование "int" в "float", возможна потеря данных
C:\Users\sasha\source\repos\123123123\123123123\main.cpp(906,73): warning C4244: аргумент: преобразование "int" в "float", возможна потеря данных
C:\Users\sasha\source\repos\123123123\123123123\main.cpp(906,48): warning C4244: аргумент: преобразование "int" в "float", возможна потеря данных
C:\Users\sasha\source\repos\123123123\123123123\main.cpp(925,60): warning C4244: аргумент: преобразование "int" в "float", возможна потеря данных
C:\Users\sasha\source\repos\123123123\123123123\main.cpp(925,47): warning C4244: аргумент: преобразование "int" в "float", возможна потеря данных
C:\Users\sasha\source\repos\123123123\123123123\main.cpp(926,73): warning C4244: аргумент: преобразование "int" в "float", возможна потеря данных
C:\Users\sasha\source\repos\123123123\123123123\main.cpp(926,48): warning C4244: аргумент: преобразование "int" в "float", возможна потеря данных
C:\Users\sasha\source\repos\123123123\123123123\main.cpp(951,60): warning C4244: аргумент: преобразование "int" в "float", возможна потеря данных
C:\Users\sasha\source\repos\123123123\123123123\main.cpp(951,47): warning C4244: аргумент: преобразование "int" в "float", возможна потеря данных
C:\Users\sasha\source\repos\123123123\123123123\main.cpp(973,60): warning C4244: аргумент: преобразование "int" в "float", возможна потеря данных
C:\Users\sasha\source\repos\123123123\123123123\main.cpp(973,47): warning C4244: аргумент: преобразование "int" в "float", возможна потеря данных
C:\Users\sasha\source\repos\123123123\123123123\main.cpp(993,56): warning C4244: аргумент: преобразование "int" в "float", возможна потеря данных
C:\Users\sasha\source\repos\123123123\123123123\main.cpp(993,43): warning C4244: аргумент: преобразование "int" в "float", возможна потеря данных
C:\Users\sasha\source\repos\123123123\123123123\main.cpp(1014,60): warning C4244: аргумент: преобразование "int" в "float", возможна потеря данных
C:\Users\sasha\source\repos\123123123\123123123\main.cpp(1014,47): warning C4244: аргумент: преобразование "int" в "float", возможна потеря данных
C:\Users\sasha\source\repos\123123123\123123123\main.cpp(1015,73): warning C4244: аргумент: преобразование "int" в "float", возможна потеря данных
C:\Users\sasha\source\repos\123123123\123123123\main.cpp(1015,48): warning C4244: аргумент: преобразование "int" в "float", возможна потеря данных
C:\Users\sasha\source\repos\123123123\123123123\main.cpp(1033,60): warning C4244: аргумент: преобразование "int" в "float", возможна потеря данных
C:\Users\sasha\source\repos\123123123\123123123\main.cpp(1033,47): warning C4244: аргумент: преобразование "int" в "float", возможна потеря данных
C:\Users\sasha\source\repos\123123123\123123123\main.cpp(1034,73): warning C4244: аргумент: преобразование "int" в "float", возможна потеря данных
C:\Users\sasha\source\repos\123123123\123123123\main.cpp(1034,48): warning C4244: аргумент: преобразование "int" в "float", возможна потеря данных
C:\Users\sasha\source\repos\123123123\123123123\main.cpp(1055,60): warning C4244: аргумент: преобразование "int" в "float", возможна потеря данных
C:\Users\sasha\source\repos\123123123\123123123\main.cpp(1055,47): warning C4244: аргумент: преобразование "int" в "float", возможна потеря данных
C:\Users\sasha\source\repos\123123123\123123123\main.cpp(1056,73): warning C4244: аргумент: преобразование "int" в "float", возможна потеря данных
C:\Users\sasha\source\repos\123123123\123123123\main.cpp(1056,48): warning C4244: аргумент: преобразование "int" в "float", возможна потеря данных
C:\Users\sasha\source\repos\123123123\123123123\main.cpp(1075,60): warning C4244: аргумент: преобразование "int" в "float", возможна потеря данных
C:\Users\sasha\source\repos\123123123\123123123\main.cpp(1075,47): warning C4244: аргумент: преобразование "int" в "float", возможна потеря данных
C:\Users\sasha\source\repos\123123123\123123123\main.cpp(1076,73): warning C4244: аргумент: преобразование "int" в "float", возможна потеря данных
C:\Users\sasha\source\repos\123123123\123123123\main.cpp(1076,48): warning C4244: аргумент: преобразование "int" в "float", возможна потеря данных
C:\Users\sasha\source\repos\123123123\123123123\main.cpp(1094,60): warning C4244: аргумент: преобразование "int" в "float", возможна потеря данных
C:\Users\sasha\source\repos\123123123\123123123\main.cpp(1094,47): warning C4244: аргумент: преобразование "int" в "float", возможна потеря данных
C:\Users\sasha\source\repos\123123123\123123123\main.cpp(1095,73): warning C4244: аргумент: преобразование "int" в "float", возможна потеря данных
C:\Users\sasha\source\repos\123123123\123123123\main.cpp(1095,48): warning C4244: аргумент: преобразование "int" в "float", возможна потеря данных
C:\Users\sasha\source\repos\123123123\123123123\main.cpp(1116,60): warning C4244: аргумент: преобразование "int" в "float", возможна потеря данных
C:\Users\sasha\source\repos\123123123\123123123\main.cpp(1116,47): warning C4244: аргумент: преобразование "int" в "float", возможна потеря данных
C:\Users\sasha\source\repos\123123123\123123123\main.cpp(1117,73): warning C4244: аргумент: преобразование "int" в "float", возможна потеря данных
C:\Users\sasha\source\repos\123123123\123123123\main.cpp(1117,48): warning C4244: аргумент: преобразование "int" в "float", возможна потеря данных
C:\Users\sasha\source\repos\123123123\123123123\main.cpp(1136,60): warning C4244: аргумент: преобразование "int" в "float", возможна потеря данных
C:\Users\sasha\source\repos\123123123\123123123\main.cpp(1136,47): warning C4244: аргумент: преобразование "int" в "float", возможна потеря данных
C:\Users\sasha\source\repos\123123123\123123123\main.cpp(1137,73): warning C4244: аргумент: преобразование "int" в "float", возможна потеря данных
C:\Users\sasha\source\repos\123123123\123123123\main.cpp(1137,48): warning C4244: аргумент: преобразование "int" в "float", возможна потеря данных
C:\Users\sasha\source\repos\123123123\123123123\main.cpp(1155,60): warning C4244: аргумент: преобразование "int" в "float", возможна потеря данных
C:\Users\sasha\source\repos\123123123\123123123\main.cpp(1155,47): warning C4244: аргумент: преобразование "int" в "float", возможна потеря данных
C:\Users\sasha\source\repos\123123123\123123123\main.cpp(1156,73): warning C4244: аргумент: преобразование "int" в "float", возможна потеря данных
C:\Users\sasha\source\repos\123123123\123123123\main.cpp(1156,48): warning C4244: аргумент: преобразование "int" в "float", возможна потеря данных
C:\Users\sasha\source\repos\123123123\123123123\main.cpp(1177,60): warning C4244: аргумент: преобразование "int" в "float", возможна потеря данных
C:\Users\sasha\source\repos\123123123\123123123\main.cpp(1177,47): warning C4244: аргумент: преобразование "int" в "float", возможна потеря данных
C:\Users\sasha\source\repos\123123123\123123123\main.cpp(1178,73): warning C4244: аргумент: преобразование "int" в "float", возможна потеря данных
C:\Users\sasha\source\repos\123123123\123123123\main.cpp(1178,48): warning C4244: аргумент: преобразование "int" в "float", возможна потеря данных
C:\Users\sasha\source\repos\123123123\123123123\main.cpp(1197,60): warning C4244: аргумент: преобразование "int" в "float", возможна потеря данных
C:\Users\sasha\source\repos\123123123\123123123\main.cpp(1197,47): warning C4244: аргумент: преобразование "int" в "float", возможна потеря данных
C:\Users\sasha\source\repos\123123123\123123123\main.cpp(1198,73): warning C4244: аргумент: преобразование "int" в "float", возможна потеря данных
C:\Users\sasha\source\repos\123123123\123123123\main.cpp(1198,48): warning C4244: аргумент: преобразование "int" в "float", возможна потеря данных
C:\Users\sasha\source\repos\123123123\123123123\main.cpp(1219,60): warning C4244: аргумент: преобразование "int" в "float", возможна потеря данных
C:\Users\sasha\source\repos\123123123\123123123\main.cpp(1219,47): warning C4244: аргумент: преобразование "int" в "float", возможна потеря данных
C:\Users\sasha\source\repos\123123123\123123123\main.cpp(1220,73): warning C4244: аргумент: преобразование "int" в "float", возможна потеря данных
C:\Users\sasha\source\repos\123123123\123123123\main.cpp(1220,48): warning C4244: аргумент: преобразование "int" в "float", возможна потеря данных
C:\Users\sasha\source\repos\123123123\123123123\main.cpp(1239,60): warning C4244: аргумент: преобразование "int" в "float", возможна потеря данных
C:\Users\sasha\source\repos\123123123\123123123\main.cpp(1239,47): warning C4244: аргумент: преобразование "int" в "float", возможна потеря данных
C:\Users\sasha\source\repos\123123123\123123123\main.cpp(1240,73): warning C4244: аргумент: преобразование "int" в "float", возможна потеря данных
C:\Users\sasha\source\repos\123123123\123123123\main.cpp(1240,48): warning C4244: аргумент: преобразование "int" в "float", возможна потеря данных
C:\Users\sasha\source\repos\123123123\123123123\main.cpp(1265,60): warning C4244: аргумент: преобразование "int" в "float", возможна потеря данных
C:\Users\sasha\source\repos\123123123\123123123\main.cpp(1265,47): warning C4244: аргумент: преобразование "int" в "float", возможна потеря данных
C:\Users\sasha\source\repos\123123123\123123123\main.cpp(1287,60): warning C4244: аргумент: преобразование "int" в "float", возможна потеря данных
C:\Users\sasha\source\repos\123123123\123123123\main.cpp(1287,47): warning C4244: аргумент: преобразование "int" в "float", возможна потеря данных
C:\Users\sasha\source\repos\123123123\123123123\main.cpp(1307,56): warning C4244: аргумент: преобразование "int" в "float", возможна потеря данных
C:\Users\sasha\source\repos\123123123\123123123\main.cpp(1307,43): warning C4244: аргумент: преобразование "int" в "float", возможна потеря данных
C:\Users\sasha\source\repos\123123123\123123123\main.cpp(1328,60): warning C4244: аргумент: преобразование "int" в "float", возможна потеря данных
C:\Users\sasha\source\repos\123123123\123123123\main.cpp(1328,47): warning C4244: аргумент: преобразование "int" в "float", возможна потеря данных
C:\Users\sasha\source\repos\123123123\123123123\main.cpp(1329,73): warning C4244: аргумент: преобразование "int" в "float", возможна потеря данных
C:\Users\sasha\source\repos\123123123\123123123\main.cpp(1329,48): warning C4244: аргумент: преобразование "int" в "float", возможна потеря данных
C:\Users\sasha\source\repos\123123123\123123123\main.cpp(1347,60): warning C4244: аргумент: преобразование "int" в "float", возможна потеря данных
C:\Users\sasha\source\repos\123123123\123123123\main.cpp(1347,47): warning C4244: аргумент: преобразование "int" в "float", возможна потеря данных
C:\Users\sasha\source\repos\123123123\123123123\main.cpp(1348,73): warning C4244: аргумент: преобразование "int" в "float", возможна потеря данных
C:\Users\sasha\source\repos\123123123\123123123\main.cpp(1348,48): warning C4244: аргумент: преобразование "int" в "float", возможна потеря данных
C:\Users\sasha\source\repos\123123123\123123123\main.cpp(1369,60): warning C4244: аргумент: преобразование "int" в "float", возможна потеря данных
C:\Users\sasha\source\repos\123123123\123123123\main.cpp(1369,47): warning C4244: аргумент: преобразование "int" в "float", возможна потеря данных
C:\Users\sasha\source\repos\123123123\123123123\main.cpp(1370,73): warning C4244: аргумент: преобразование "int" в "float", возможна потеря данных
C:\Users\sasha\source\repos\123123123\123123123\main.cpp(1370,48): warning C4244: аргумент: преобразование "int" в "float", возможна потеря данных
C:\Users\sasha\source\repos\123123123\123123123\main.cpp(1389,60): warning C4244: аргумент: преобразование "int" в "float", возможна потеря данных
C:\Users\sasha\source\repos\123123123\123123123\main.cpp(1389,47): warning C4244: аргумент: преобразование "int" в "float", возможна потеря данных
C:\Users\sasha\source\repos\123123123\123123123\main.cpp(1390,73): warning C4244: аргумент: преобразование "int" в "float", возможна потеря данных
C:\Users\sasha\source\repos\123123123\123123123\main.cpp(1390,48): warning C4244: аргумент: преобразование "int" в "float", возможна потеря данных
C:\Users\sasha\source\repos\123123123\123123123\main.cpp(1408,60): warning C4244: аргумент: преобразование "int" в "float", возможна потеря данных
C:\Users\sasha\source\repos\123123123\123123123\main.cpp(1408,47): warning C4244: аргумент: преобразование "int" в "float", возможна потеря данных
C:\Users\sasha\source\repos\123123123\123123123\main.cpp(1409,73): warning C4244: аргумент: преобразование "int" в "float", возможна потеря данных
C:\Users\sasha\source\repos\123123123\123123123\main.cpp(1409,48): warning C4244: аргумент: преобразование "int" в "float", возможна потеря данных
C:\Users\sasha\source\repos\123123123\123123123\main.cpp(1430,60): warning C4244: аргумент: преобразование "int" в "float", возможна потеря данных
C:\Users\sasha\source\repos\123123123\123123123\main.cpp(1430,47): warning C4244: аргумент: преобразование "int" в "float", возможна потеря данных
C:\Users\sasha\source\repos\123123123\123123123\main.cpp(1431,73): warning C4244: аргумент: преобразование "int" в "float", возможна потеря данных
C:\Users\sasha\source\repos\123123123\123123123\main.cpp(1431,48): warning C4244: аргумент: преобразование "int" в "float", возможна потеря данных
C:\Users\sasha\source\repos\123123123\123123123\main.cpp(1450,60): warning C4244: аргумент: преобразование "int" в "float", возможна потеря данных
C:\Users\sasha\source\repos\123123123\123123123\main.cpp(1450,47): warning C4244: аргумент: преобразование "int" в "float", возможна потеря данных
C:\Users\sasha\source\repos\123123123\123123123\main.cpp(1451,73): warning C4244: аргумент: преобразование "int" в "float", возможна потеря данных
C:\Users\sasha\source\repos\123123123\123123123\main.cpp(1451,48): warning C4244: аргумент: преобразование "int" в "float", возможна потеря данных
C:\Users\sasha\source\repos\123123123\123123123\main.cpp(1469,60): warning C4244: аргумент: преобразование "int" в "float", возможна потеря данных
C:\Users\sasha\source\repos\123123123\123123123\main.cpp(1469,47): warning C4244: аргумент: преобразование "int" в "float", возможна потеря данных
C:\Users\sasha\source\repos\123123123\123123123\main.cpp(1470,73): warning C4244: аргумент: преобразование "int" в "float", возможна потеря данных
C:\Users\sasha\source\repos\123123123\123123123\main.cpp(1470,48): warning C4244: аргумент: преобразование "int" в "float", возможна потеря данных
C:\Users\sasha\source\repos\123123123\123123123\main.cpp(1491,60): warning C4244: аргумент: преобразование "int" в "float", возможна потеря данных
C:\Users\sasha\source\repos\123123123\123123123\main.cpp(1491,47): warning C4244: аргумент: преобразование "int" в "float", возможна потеря данных
C:\Users\sasha\source\repos\123123123\123123123\main.cpp(1492,73): warning C4244: аргумент: преобразование "int" в "float", возможна потеря данных
C:\Users\sasha\source\repos\123123123\123123123\main.cpp(1492,48): warning C4244: аргумент: преобразование "int" в "float", возможна потеря данных
C:\Users\sasha\source\repos\123123123\123123123\main.cpp(1511,60): warning C4244: аргумент: преобразование "int" в "float", возможна потеря данных
C:\Users\sasha\source\repos\123123123\123123123\main.cpp(1511,47): warning C4244: аргумент: преобразование "int" в "float", возможна потеря данных
C:\Users\sasha\source\repos\123123123\123123123\main.cpp(1512,73): warning C4244: аргумент: преобразование "int" в "float", возможна потеря данных
C:\Users\sasha\source\repos\123123123\123123123\main.cpp(1512,48): warning C4244: аргумент: преобразование "int" в "float", возможна потеря данных
C:\Users\sasha\source\repos\123123123\123123123\main.cpp(1530,60): warning C4244: аргумент: преобразование "int" в "float", возможна потеря данных
C:\Users\sasha\source\repos\123123123\123123123\main.cpp(1530,47): warning C4244: аргумент: преобразование "int" в "float", возможна потеря данных
C:\Users\sasha\source\repos\123123123\123123123\main.cpp(1531,73): warning C4244: аргумент: преобразование "int" в "float", возможна потеря данных
C:\Users\sasha\source\repos\123123123\123123123\main.cpp(1531,48): warning C4244: аргумент: преобразование "int" в "float", возможна потеря данных
C:\Users\sasha\source\repos\123123123\123123123\main.cpp(1552,60): warning C4244: аргумент: преобразование "int" в "float", возможна потеря данных
C:\Users\sasha\source\repos\123123123\123123123\main.cpp(1552,47): warning C4244: аргумент: преобразование "int" в "float", возможна потеря данных
C:\Users\sasha\source\repos\123123123\123123123\main.cpp(1553,73): warning C4244: аргумент: преобразование "int" в "float", возможна потеря данных
C:\Users\sasha\source\repos\123123123\123123123\main.cpp(1553,48): warning C4244: аргумент: преобразование "int" в "float", возможна потеря данных
C:\Users\sasha\source\repos\123123123\123123123\main.cpp(1572,60): warning C4244: аргумент: преобразование "int" в "float", возможна потеря данных
C:\Users\sasha\source\repos\123123123\123123123\main.cpp(1572,47): warning C4244: аргумент: преобразование "int" в "float", возможна потеря данных
C:\Users\sasha\source\repos\123123123\123123123\main.cpp(1573,73): warning C4244: аргумент: преобразование "int" в "float", возможна потеря данных
C:\Users\sasha\source\repos\123123123\123123123\main.cpp(1573,48): warning C4244: аргумент: преобразование "int" в "float", возможна потеря данных
C:\Users\sasha\source\repos\123123123\123123123\main.cpp(10,12): warning C4101: j: неиспользованная локальная переменная
C:\Users\sasha\source\repos\123123123\123123123\main.cpp(13,25): warning C4101: n: неиспользованная локальная переменная
C:\Users\sasha\source\repos\123123123\123123123\main.cpp(10,15): warning C4101: temp: неиспользованная локальная переменная
  Создание кода
  1 of 80 functions ( 1.2%) were compiled, the rest were copied from previous compilation.
    0 functions were new in current compilation
    0 functions had inline decision re-evaluated but remain unchanged
  Создание кода завершено
  123123123.vcxproj -> C:\Users\sasha\source\repos\123123123\x64\Release\123123123.exe
